<?xml version="1.0" encoding="UTF-8"?>
<testng-results ignored="0" total="1" passed="1" failed="0" skipped="0">
  <reporter-output>
  </reporter-output>
  <suite started-at="2024-08-12T21:01:39 BST" name="Suite" finished-at="2024-08-12T21:01:56 BST" duration-ms="16661">
    <groups>
      <group name="Regression">
        <method signature="ManageProductTest.verfifywhetherListProductsCountUpdatesWhenAProductIsDeleted()[pri:0, instance:testScripts.ManageProductTest@77128536]" name="verfifywhetherListProductsCountUpdatesWhenAProductIsDeleted" class="testScripts.ManageProductTest"/>
      </group> <!-- Regression -->
    </groups>
    <test started-at="2024-08-12T21:01:39 BST" name="Test" finished-at="2024-08-12T21:01:56 BST" duration-ms="16661">
      <class name="testScripts.ManageProductTest">
        <test-method is-config="true" signature="initialize(java.lang.String)[pri:0, instance:testScripts.ManageProductTest@77128536]" started-at="2024-08-12T21:01:39 BST" name="initialize" finished-at="2024-08-12T21:01:49 BST" duration-ms="9603" status="PASS">
          <params>
            <param index="0">
              <value>
                <![CDATA[chrome]]>
              </value>
            </param>
          </params>
          <reporter-output>
          </reporter-output>
        </test-method> <!-- initialize -->
        <test-method signature="verfifywhetherListProductsCountUpdatesWhenAProductIsDeleted()[pri:0, instance:testScripts.ManageProductTest@77128536]" started-at="2024-08-12T21:01:49 BST" name="verfifywhetherListProductsCountUpdatesWhenAProductIsDeleted" description="List count updation verification" finished-at="2024-08-12T21:01:55 BST" duration-ms="6818" status="PASS">
          <reporter-output>
          </reporter-output>
        </test-method> <!-- verfifywhetherListProductsCountUpdatesWhenAProductIsDeleted -->
        <test-method is-config="true" signature="browserQuit(org.testng.ITestResult)[pri:0, instance:testScripts.ManageProductTest@77128536]" started-at="2024-08-12T21:01:55 BST" name="browserQuit" finished-at="2024-08-12T21:01:56 BST" duration-ms="182" status="PASS">
          <params>
            <param index="0">
              <value>
                <![CDATA[[TestResult name=verfifywhetherListProductsCountUpdatesWhenAProductIsDeleted status=SUCCESS method=ManageProductTest.verfifywhetherListProductsCountUpdatesWhenAProductIsDeleted()[pri:0, instance:testScripts.ManageProductTest@77128536] output={null}]]]>
              </value>
            </param>
          </params>
          <reporter-output>
          </reporter-output>
        </test-method> <!-- browserQuit -->
      </class> <!-- testScripts.ManageProductTest -->
    </test> <!-- Test -->
  </suite> <!-- Suite -->
</testng-results>
