<?xml version="1.0" encoding="UTF-8"?>
<testng-results ignored="0" total="1" passed="1" failed="0" skipped="0">
  <reporter-output>
  </reporter-output>
  <suite started-at="2024-08-12T09:43:55 BST" name="Suite" finished-at="2024-08-12T09:44:10 BST" duration-ms="15462">
    <groups>
    </groups>
    <test started-at="2024-08-12T09:43:55 BST" name="Test" finished-at="2024-08-12T09:44:10 BST" duration-ms="15462">
      <class name="testScripts.ManageProductTest">
        <test-method is-config="true" signature="initialize(java.lang.String)[pri:0, instance:testScripts.ManageProductTest@598bd2ba]" started-at="2024-08-12T09:43:55 BST" name="initialize" finished-at="2024-08-12T09:44:03 BST" duration-ms="8639" status="PASS">
          <params>
            <param index="0">
              <value>
                <![CDATA[chrome]]>
              </value>
            </param>
          </params>
          <reporter-output>
          </reporter-output>
        </test-method> <!-- initialize -->
        <test-method signature="verfifywhetherListProductsCountUpdatesWhenAProductIsDeleted()[pri:0, instance:testScripts.ManageProductTest@598bd2ba]" started-at="2024-08-12T09:44:04 BST" name="verfifywhetherListProductsCountUpdatesWhenAProductIsDeleted" finished-at="2024-08-12T09:44:10 BST" duration-ms="6650" status="PASS">
          <reporter-output>
          </reporter-output>
        </test-method> <!-- verfifywhetherListProductsCountUpdatesWhenAProductIsDeleted -->
        <test-method is-config="true" signature="browserQuit(org.testng.ITestResult)[pri:0, instance:testScripts.ManageProductTest@598bd2ba]" started-at="2024-08-12T09:44:10 BST" name="browserQuit" finished-at="2024-08-12T09:44:10 BST" duration-ms="120" status="PASS">
          <params>
            <param index="0">
              <value>
                <![CDATA[[TestResult name=verfifywhetherListProductsCountUpdatesWhenAProductIsDeleted status=SUCCESS method=ManageProductTest.verfifywhetherListProductsCountUpdatesWhenAProductIsDeleted()[pri:0, instance:testScripts.ManageProductTest@598bd2ba] output={null}]]]>
              </value>
            </param>
          </params>
          <reporter-output>
          </reporter-output>
        </test-method> <!-- browserQuit -->
      </class> <!-- testScripts.ManageProductTest -->
    </test> <!-- Test -->
  </suite> <!-- Suite -->
</testng-results>
