<?xml version="1.0" encoding="UTF-8"?>
<!-- Generated by org.testng.reporters.JUnitXMLReporter -->
<testsuite ignored="3" hostname="Navamis-Air.local" failures="0" tests="1" name="Test" time="15.764" errors="0" timestamp="2024-08-08T07:47:25 BST">
  <testcase classname="testScripts.LoginTest" name="verifyUserIsAbleToLoginWithWrongUsernameCorrectPassword" time="3.426"/>
  <testcase classname="testScripts.LoginTest" name="verifyUserIsAbleToLoginWithCorrectCredentials" time="0.0">
    <ignored/>
  </testcase> <!-- verifyUserIsAbleToLoginWithCorrectCredentials -->
  <testcase classname="testScripts.LoginTest" name="verifyUserIsAbleToLoginWithCorrectUsernameWrongPassword" time="0.0">
    <ignored/>
  </testcase> <!-- verifyUserIsAbleToLoginWithCorrectUsernameWrongPassword -->
  <testcase classname="testScripts.LoginTest" name="verifyUserIsAbleToLoginWithIncorrectUserNameAndIncorrectPassword" time="0.0">
    <ignored/>
  </testcase> <!-- verifyUserIsAbleToLoginWithIncorrectUserNameAndIncorrectPassword -->
</testsuite> <!-- Test -->
