<?xml version="1.0" encoding="UTF-8"?>
<!-- Generated by org.testng.reporters.JUnitXMLReporter -->
<testsuite ignored="3" hostname="Navamis-Air.local" failures="0" tests="1" name="EdgeTest" time="20.177" errors="0" timestamp="2024-08-05T07:54:01 BST">
  <testcase classname="testScripts.LoginTest" name="verifyUserIsAbleToLoginWithCorrectCredentials" time="8.249"/>
  <testcase classname="testScripts.LoginTest" name="verifyUserIsAbleToLoginWithIncorrectUserNameAndIncorrectPassword" time="0.0">
    <ignored/>
  </testcase> <!-- verifyUserIsAbleToLoginWithIncorrectUserNameAndIncorrectPassword -->
  <testcase classname="testScripts.LoginTest" name="verifyUserIsAbleToLoginWithWrongUsernameCorrectPassword" time="0.0">
    <ignored/>
  </testcase> <!-- verifyUserIsAbleToLoginWithWrongUsernameCorrectPassword -->
  <testcase classname="testScripts.LoginTest" name="verifyUserIsAbleToLoginWithCorrectUsernameWrongPassword" time="0.0">
    <ignored/>
  </testcase> <!-- verifyUserIsAbleToLoginWithCorrectUsernameWrongPassword -->
</testsuite> <!-- EdgeTest -->
